# JRE version: Java(TM) SE Runtime Environment (8.0_05-b13) (build 1.8.0_05-b13)
# Java VM: Java HotSpot(TM) 64-Bit Server VM (25.5-b02 mixed mode windows-amd64 compressed oops)
Heap:
 def new generation   total 1152K, used 1107K [0x00000000a2400000, 0x00000000a2540000, 0x00000000c1800000)
  eden space 1024K, 100% used [0x00000000a2400000, 0x00000000a2500000, 0x00000000a2500000)
  from space 128K,  64% used [0x00000000a2500000, 0x00000000a2514c90, 0x00000000a2520000)
  to   space 128K,   1% used [0x00000000a2520000, 0x00000000a2520808, 0x00000000a2540000)
 tenured generation   total 258816K, used 23028K [0x00000000c1800000, 0x00000000d14c0000, 0x0000000100000000)
   the space 258816K,   8% used [0x00000000c1800000, 0x00000000c2e7d150, 0x00000000c2e7d200, 0x00000000d14c0000)
 Metaspace       used 12430K, capacity 12742K, committed 13056K, reserved 1060864K
  class space    used 1431K, capacity 1489K, committed 1536K, reserved 1048576K
GC Heap History (10 events):
Event: 1.490 GC heap before
{Heap before GC invocations=253 (full 0):
 def new generation   total 1152K, used 1136K [0x00000000a2400000, 0x00000000a2540000, 0x00000000c1800000)
  eden space 1024K, 100% used [0x00000000a2400000, 0x00000000a2500000, 0x00000000a2500000)
  from space 128K,  88% used [0x00000000a2520000, 0x00000000a253c398, 0x00000000a2540000)
  to   space 128K,   0% used [0x00000000a2500000, 0x00000000a2500000, 0x00000000a2520000)
 tenured generation   total 258816K, used 22480K [0x00000000c1800000, 0x00000000d14c0000, 0x0000000100000000)
   the space 258816K,   8% used [0x00000000c1800000, 0x00000000c2df40f8, 0x00000000c2df4200, 0x00000000d14c0000)
 Metaspace       used 12401K, capacity 12736K, committed 12800K, reserved 1060864K
  class space    used 1430K, capacity 1488K, committed 1536K, reserved 1048576K
Event: 1.491 GC heap after
Heap after GC invocations=254 (full 0):
 def new generation   total 1152K, used 128K [0x00000000a2400000, 0x00000000a2540000, 0x00000000c1800000)
  eden space 1024K,   0% used [0x00000000a2400000, 0x00000000a2400000, 0x00000000a2500000)
  from space 128K, 100% used [0x00000000a2500000, 0x00000000a2520000, 0x00000000a2520000)
  to   space 128K,   0% used [0x00000000a2520000, 0x00000000a2520000, 0x00000000a2540000)
 tenured generation   total 258816K, used 22541K [0x00000000c1800000, 0x00000000d14c0000, 0x0000000100000000)
   the space 258816K,   8% used [0x00000000c1800000, 0x00000000c2e035c8, 0x00000000c2e03600, 0x00000000d14c0000)
 Metaspace       used 12401K, capacity 12736K, committed 12800K, reserved 1060864K
  class space    used 1430K, capacity 1488K, committed 1536K, reserved 1048576K
}
Event: 1.493 GC heap before
{Heap before GC invocations=254 (full 0):
 def new generation   total 1152K, used 1152K [0x00000000a2400000, 0x00000000a2540000, 0x00000000c1800000)
  eden space 1024K, 100% used [0x00000000a2400000, 0x00000000a2500000, 0x00000000a2500000)
  from space 128K, 100% used [0x00000000a2500000, 0x00000000a2520000, 0x00000000a2520000)
  to   space 128K,   0% used [0x00000000a2520000, 0x00000000a2520000, 0x00000000a2540000)
 tenured generation   total 258816K, used 22541K [0x00000000c1800000, 0x00000000d14c0000, 0x0000000100000000)
   the space 258816K,   8% used [0x00000000c1800000, 0x00000000c2e035c8, 0x00000000c2e03600, 0x00000000d14c0000)
 Metaspace       used 12401K, capacity 12736K, committed 12800K, reserved 1060864K
  class space    used 1430K, capacity 1488K, committed 1536K, reserved 1048576K
Event: 1.494 GC heap after
Heap after GC invocations=255 (full 0):
 def new generation   total 1152K, used 66K [0x00000000a2400000, 0x00000000a2540000, 0x00000000c1800000)
  eden space 1024K,   0% used [0x00000000a2400000, 0x00000000a2400000, 0x00000000a2500000)
  from space 128K,  51% used [0x00000000a2520000, 0x00000000a2530838, 0x00000000a2540000)
  to   space 128K,   0% used [0x00000000a2500000, 0x00000000a2500000, 0x00000000a2520000)
 tenured generation   total 258816K, used 22621K [0x00000000c1800000, 0x00000000d14c0000, 0x0000000100000000)
   the space 258816K,   8% used [0x00000000c1800000, 0x00000000c2e17428, 0x00000000c2e17600, 0x00000000d14c0000)
 Metaspace       used 12401K, capacity 12736K, committed 12800K, reserved 1060864K
  class space    used 1430K, capacity 1488K, committed 1536K, reserved 1048576K
}
Event: 1.497 GC heap before
{Heap before GC invocations=255 (full 0):
 def new generation   total 1152K, used 1090K [0x00000000a2400000, 0x00000000a2540000, 0x00000000c1800000)
  eden space 1024K, 100% used [0x00000000a2400000, 0x00000000a2500000, 0x00000000a2500000)
  from space 128K,  51% used [0x00000000a2520000, 0x00000000a2530838, 0x00000000a2540000)
  to   space 128K,   0% used [0x00000000a2500000, 0x00000000a2500000, 0x00000000a2520000)
 tenured generation   total 258816K, used 22621K [0x00000000c1800000, 0x00000000d14c0000, 0x0000000100000000)
   the space 258816K,   8% used [0x00000000c1800000, 0x00000000c2e17428, 0x00000000c2e17600, 0x00000000d14c0000)
 Metaspace       used 12410K, capacity 12736K, committed 12800K, reserved 1060864K
  class space    used 1430K, capacity 1488K, committed 1536K, reserved 1048576K
Event: 1.498 GC heap after
Heap after GC invocations=256 (full 0):
 def new generation   total 1152K, used 127K [0x00000000a2400000, 0x00000000a2540000, 0x00000000c1800000)
  eden space 1024K,   0% used [0x00000000a2400000, 0x00000000a2400000, 0x00000000a2500000)
  from space 128K,  99% used [0x00000000a2500000, 0x00000000a251fff8, 0x00000000a2520000)
  to   space 128K,   0% used [0x00000000a2520000, 0x00000000a2520000, 0x00000000a2540000)
 tenured generation   total 258816K, used 22663K [0x00000000c1800000, 0x00000000d14c0000, 0x0000000100000000)
   the space 258816K,   8% used [0x00000000c1800000, 0x00000000c2e21d18, 0x00000000c2e21e00, 0x00000000d14c0000)
 Metaspace       used 12410K, capacity 12736K, committed 12800K, reserved 1060864K
  class space    used 1430K, capacity 1488K, committed 1536K, reserved 1048576K
}
Event: 1.501 GC heap before
{Heap before GC invocations=256 (full 0):
 def new generation   total 1152K, used 1151K [0x00000000a2400000, 0x00000000a2540000, 0x00000000c1800000)
  eden space 1024K, 100% used [0x00000000a2400000, 0x00000000a2500000, 0x00000000a2500000)
  from space 128K,  99% used [0x00000000a2500000, 0x00000000a251fff8, 0x00000000a2520000)
  to   space 128K,   0% used [0x00000000a2520000, 0x00000000a2520000, 0x00000000a2540000)
 tenured generation   total 258816K, used 22663K [0x00000000c1800000, 0x00000000d14c0000, 0x0000000100000000)
   the space 258816K,   8% used [0x00000000c1800000, 0x00000000c2e21d18, 0x00000000c2e21e00, 0x00000000d14c0000)
 Metaspace       used 12410K, capacity 12736K, committed 12800K, reserved 1060864K
  class space    used 1430K, capacity 1488K, committed 1536K, reserved 1048576K
Event: 1.502 GC heap after
Heap after GC invocations=257 (full 0):
 def new generation   total 1152K, used 76K [0x00000000a2400000, 0x00000000a2540000, 0x00000000c1800000)
  eden space 1024K,   0% used [0x00000000a2400000, 0x00000000a2400000, 0x00000000a2500000)
  from space 128K,  59% used [0x00000000a2520000, 0x00000000a2533288, 0x00000000a2540000)
  to   space 128K,   0% used [0x00000000a2500000, 0x00000000a2500000, 0x00000000a2520000)
 tenured generation   total 258816K, used 22746K [0x00000000c1800000, 0x00000000d14c0000, 0x0000000100000000)
   the space 258816K,   8% used [0x00000000c1800000, 0x00000000c2e36bf8, 0x00000000c2e36c00, 0x00000000d14c0000)
 Metaspace       used 12410K, capacity 12736K, committed 12800K, reserved 1060864K
  class space    used 1430K, capacity 1488K, committed 1536K, reserved 1048576K
}
Event: 1.505 GC heap before
{Heap before GC invocations=257 (full 0):
 def new generation   total 1152K, used 1100K [0x00000000a2400000, 0x00000000a2540000, 0x00000000c1800000)
  eden space 1024K,  99% used [0x00000000a2400000, 0x00000000a24fff80, 0x00000000a2500000)
  from space 128K,  59% used [0x00000000a2520000, 0x00000000a2533288, 0x00000000a2540000)
  to   space 128K,   0% used [0x00000000a2500000, 0x00000000a2500000, 0x00000000a2520000)
 tenured generation   total 258816K, used 22746K [0x00000000c1800000, 0x00000000d14c0000, 0x0000000100000000)
   the space 258816K,   8% used [0x00000000c1800000, 0x00000000c2e36bf8, 0x00000000c2e36c00, 0x00000000d14c0000)
 Metaspace       used 12412K, capacity 12736K, committed 12800K, reserved 1060864K
  class space    used 1430K, capacity 1488K, committed 1536K, reserved 1048576K
Event: 1.506 GC heap after
Heap after GC invocations=258 (full 0):
 def new generation   total 1152K, used 111K [0x00000000a2400000, 0x00000000a2540000, 0x00000000c1800000)
  eden space 1024K,   0% used [0x00000000a2400000, 0x00000000a2400000, 0x00000000a2500000)
  from space 128K,  87% used [0x00000000a2500000, 0x00000000a251bf08, 0x00000000a2520000)
  to   space 128K,   0% used [0x00000000a2520000, 0x00000000a2520000, 0x00000000a2540000)
 tenured generation   total 258816K, used 22762K [0x00000000c1800000, 0x00000000d14c0000, 0x0000000100000000)
   the space 258816K,   8% used [0x00000000c1800000, 0x00000000c2e3abe0, 0x00000000c2e3ac00, 0x00000000d14c0000)
 Metaspace       used 12412K, capacity 12736K, committed 12800K, reserved 1060864K
  class space    used 1430K, capacity 1488K, committed 1536K, reserved 1048576K
}

